<?xml version="1.0" encoding="UTF-8"?>
<!-- Generated by org.testng.reporters.JUnitXMLReporter -->
<testsuite ignored="3" hostname="IN-2DPN2J3" failures="0" tests="1" name="Default test" time="3.498" errors="0" timestamp="2023-03-05T22:08:17 IST">
  <testcase classname="ApiTraining.ApiTraining.Commands" name="UsingPost" time="3.464"/>
  <testcase classname="ApiTraining.ApiTraining.Commands" name="UsingDelete" time="0.0">
    <ignored/>
  </testcase> <!-- UsingDelete -->
  <testcase classname="ApiTraining.ApiTraining.Commands" name="UsingPut" time="0.0">
    <ignored/>
  </testcase> <!-- UsingPut -->
  <testcase classname="ApiTraining.ApiTraining.Commands" name="UsingGet" time="0.0">
    <ignored/>
  </testcase> <!-- UsingGet -->
</testsuite> <!-- Default test -->
