<?xml version="1.0" encoding="UTF-8"?>
<testng-results ignored="3" total="4" passed="1" failed="0" skipped="0">
  <reporter-output>
  </reporter-output>
  <suite started-at="2023-03-05T22:08:14 IST" name="Default suite" finished-at="2023-03-05T22:08:17 IST" duration-ms="3498">
    <groups>
    </groups>
    <test started-at="2023-03-05T22:08:14 IST" name="Default test" finished-at="2023-03-05T22:08:17 IST" duration-ms="3498">
      <class name="ApiTraining.ApiTraining.Commands">
        <test-method signature="UsingPost()[pri:12, instance:ApiTraining.ApiTraining.Commands@a2431d0]" started-at="2023-03-05T22:08:14 IST" name="UsingPost" finished-at="2023-03-05T22:08:17 IST" duration-ms="3464" status="PASS">
          <reporter-output>
          </reporter-output>
        </test-method> <!-- UsingPost -->
      </class> <!-- ApiTraining.ApiTraining.Commands -->
    </test> <!-- Default test -->
  </suite> <!-- Default suite -->
</testng-results>
